2024-04-10 08:10:43.174 DEBUG [cuba_core_scheduler-3] com.haulmont.cuba.core.app.queryresults.QueryResultsManager - Delete query results for inactive user sessions
2024-04-10 08:10:43.219 DEBUG [cuba_core_scheduler-3] com.haulmont.cuba.core.app.queryresults.QueryResultsManager - Delete query results for inactive user sessions
2024-04-10 08:10:43.233 DEBUG [cuba_core_scheduler-2] com.haulmont.cuba.core.app.queryresults.QueryResultsManager - Delete query results for inactive user sessions
2024-04-10 08:10:43.254 DEBUG [cuba_core_scheduler-2] com.haulmont.cuba.core.app.queryresults.QueryResultsManager - Delete query results for inactive user sessions
2024-04-10 08:10:43.272 DEBUG [cuba_core_scheduler-7] com.haulmont.cuba.core.app.queryresults.QueryResultsManager - Delete query results for inactive user sessions
2024-04-10 08:10:43.277 DEBUG [cuba_core_scheduler-7] com.haulmont.cuba.core.app.queryresults.QueryResultsManager - Delete query results for inactive user sessions
2024-04-10 08:10:43.282 DEBUG [cuba_core_scheduler-2] com.haulmont.cuba.core.app.queryresults.QueryResultsManager - Delete query results for inactive user sessions
2024-04-10 08:10:43.290 DEBUG [cuba_core_scheduler-9] com.haulmont.cuba.core.app.queryresults.QueryResultsManager - Delete query results for inactive user sessions
2024-04-10 08:10:43.295 DEBUG [cuba_core_scheduler-9] com.haulmont.cuba.core.app.queryresults.QueryResultsManager - Delete query results for inactive user sessions
2024-04-10 08:10:43.298 DEBUG [cuba_core_scheduler-9] com.haulmont.cuba.core.app.queryresults.QueryResultsManager - Delete query results for inactive user sessions
2024-04-10 08:10:43.306 DEBUG [cuba_core_scheduler-8] com.haulmont.cuba.core.app.queryresults.QueryResultsManager - Delete query results for inactive user sessions
2024-04-10 08:10:43.415 DEBUG [cuba_core_scheduler-8] com.haulmont.cuba.core.app.queryresults.QueryResultsManager - Delete query results for inactive user sessions
2024-04-10 08:10:43.433 DEBUG [cuba_core_scheduler-8] com.haulmont.cuba.core.app.queryresults.QueryResultsManager - Delete query results for inactive user sessions
2024-04-10 08:10:43.438 DEBUG [cuba_core_scheduler-8] com.haulmont.cuba.core.app.queryresults.QueryResultsManager - Delete query results for inactive user sessions
2024-04-10 08:10:43.448 DEBUG [cuba_core_scheduler-8] com.haulmont.cuba.core.app.queryresults.QueryResultsManager - Delete query results for inactive user sessions
2024-04-10 08:10:43.456 DEBUG [cuba_core_scheduler-8] com.haulmont.cuba.core.app.queryresults.QueryResultsManager - Delete query results for inactive user sessions
2024-04-10 08:10:43.469 DEBUG [cuba_core_scheduler-8] com.haulmont.cuba.core.app.queryresults.QueryResultsManager - Delete query results for inactive user sessions
2024-04-10 08:10:43.482 DEBUG [cuba_core_scheduler-8] com.haulmont.cuba.core.app.queryresults.QueryResultsManager - Delete query results for inactive user sessions
2024-04-10 08:10:43.487 DEBUG [cuba_core_scheduler-8] com.haulmont.cuba.core.app.queryresults.QueryResultsManager - Delete query results for inactive user sessions
2024-04-10 08:10:43.491 DEBUG [cuba_core_scheduler-8] com.haulmont.cuba.core.app.queryresults.QueryResultsManager - Delete query results for inactive user sessions
2024-04-10 08:10:43.496 DEBUG [cuba_core_scheduler-8] com.haulmont.cuba.core.app.queryresults.QueryResultsManager - Delete query results for inactive user sessions
2024-04-10 08:10:43.500 DEBUG [cuba_core_scheduler-8] com.haulmont.cuba.core.app.queryresults.QueryResultsManager - Delete query results for inactive user sessions
2024-04-10 08:10:43.506 DEBUG [cuba_core_scheduler-8] com.haulmont.cuba.core.app.queryresults.QueryResultsManager - Delete query results for inactive user sessions
2024-04-10 08:10:43.513 DEBUG [cuba_core_scheduler-8] com.haulmont.cuba.core.app.queryresults.QueryResultsManager - Delete query results for inactive user sessions
2024-04-10 08:10:43.519 DEBUG [cuba_core_scheduler-6] com.haulmont.cuba.core.app.queryresults.QueryResultsManager - Delete query results for inactive user sessions
2024-04-10 08:10:43.526 DEBUG [cuba_core_scheduler-6] com.haulmont.cuba.core.app.queryresults.QueryResultsManager - Delete query results for inactive user sessions
2024-04-10 08:10:43.532 DEBUG [cuba_core_scheduler-10] com.haulmont.cuba.core.app.queryresults.QueryResultsManager - Delete query results for inactive user sessions
2024-04-10 08:10:43.539 DEBUG [cuba_core_scheduler-3] com.haulmont.cuba.core.app.queryresults.QueryResultsManager - Delete query results for inactive user sessions
2024-04-10 08:10:43.544 DEBUG [cuba_core_scheduler-6] com.haulmont.cuba.core.app.queryresults.QueryResultsManager - Delete query results for inactive user sessions
2024-04-10 08:10:43.554 DEBUG [cuba_core_scheduler-10] com.haulmont.cuba.core.app.queryresults.QueryResultsManager - Delete query results for inactive user sessions
2024-04-10 08:10:43.559 DEBUG [cuba_core_scheduler-10] com.haulmont.cuba.core.app.queryresults.QueryResultsManager - Delete query results for inactive user sessions
2024-04-10 08:10:43.563 DEBUG [cuba_core_scheduler-3] com.haulmont.cuba.core.app.queryresults.QueryResultsManager - Delete query results for inactive user sessions
2024-04-10 08:10:43.568 DEBUG [cuba_core_scheduler-3] com.haulmont.cuba.core.app.queryresults.QueryResultsManager - Delete query results for inactive user sessions
2024-04-10 08:10:43.572 DEBUG [cuba_core_scheduler-3] com.haulmont.cuba.core.app.queryresults.QueryResultsManager - Delete query results for inactive user sessions
2024-04-10 08:10:43.591 DEBUG [cuba_core_scheduler-3] com.haulmont.cuba.core.app.queryresults.QueryResultsManager - Delete query results for inactive user sessions
2024-04-10 08:10:43.597 DEBUG [cuba_core_scheduler-9] com.haulmont.cuba.core.app.queryresults.QueryResultsManager - Delete query results for inactive user sessions
2024-04-10 08:10:43.635 DEBUG [cuba_core_scheduler-9] com.haulmont.cuba.core.app.queryresults.QueryResultsManager - Delete query results for inactive user sessions
2024-04-10 08:10:43.640 DEBUG [cuba_core_scheduler-9] com.haulmont.cuba.core.app.queryresults.QueryResultsManager - Delete query results for inactive user sessions
2024-04-10 08:10:43.644 DEBUG [cuba_core_scheduler-9] com.haulmont.cuba.core.app.queryresults.QueryResultsManager - Delete query results for inactive user sessions
2024-04-10 08:10:43.650 DEBUG [cuba_core_scheduler-9] com.haulmont.cuba.core.app.queryresults.QueryResultsManager - Delete query results for inactive user sessions
2024-04-10 08:10:43.660 DEBUG [cuba_core_scheduler-9] com.haulmont.cuba.core.app.queryresults.QueryResultsManager - Delete query results for inactive user sessions
2024-04-10 08:10:43.669 DEBUG [cuba_core_scheduler-4] com.haulmont.cuba.core.app.queryresults.QueryResultsManager - Delete query results for inactive user sessions
2024-04-10 08:10:43.675 DEBUG [cuba_core_scheduler-10] com.haulmont.cuba.core.app.queryresults.QueryResultsManager - Delete query results for inactive user sessions
2024-04-10 08:10:43.679 DEBUG [cuba_core_scheduler-4] com.haulmont.cuba.core.app.queryresults.QueryResultsManager - Delete query results for inactive user sessions
2024-04-10 08:10:43.684 DEBUG [cuba_core_scheduler-1] com.haulmont.cuba.core.app.queryresults.QueryResultsManager - Delete query results for inactive user sessions
2024-04-10 08:10:43.689 DEBUG [cuba_core_scheduler-1] com.haulmont.cuba.core.app.queryresults.QueryResultsManager - Delete query results for inactive user sessions
2024-04-10 08:10:43.693 DEBUG [cuba_core_scheduler-1] com.haulmont.cuba.core.app.queryresults.QueryResultsManager - Delete query results for inactive user sessions
2024-04-10 08:10:43.697 DEBUG [cuba_core_scheduler-8] com.haulmont.cuba.core.app.queryresults.QueryResultsManager - Delete query results for inactive user sessions
2024-04-10 08:10:43.700 DEBUG [cuba_core_scheduler-8] com.haulmont.cuba.core.app.queryresults.QueryResultsManager - Delete query results for inactive user sessions
2024-04-10 08:10:51.085 WARN  [Connection Pool-Main housekeeper] com.zaxxer.hikari.pool.HikariPool - Connection Pool-Main - Thread starvation or clock leap detected (housekeeper delta=8h10m15s402ms577µs900ns).
2024-04-10 08:16:07.780 DEBUG [cuba_core_scheduler-3] com.haulmont.cuba.core.app.queryresults.QueryResultsManager - Delete query results for inactive user sessions
2024-04-10 08:19:33.923 DEBUG [http-nio-3333-exec-4] com.haulmont.cuba.web.App - Initializing application
2024-04-10 08:19:33.970 DEBUG [http-nio-3333-exec-4/app/anonymous] com.haulmont.cuba.web.DefaultApp - connectionStateChanged connected: true, authenticated: false
2024-04-10 08:19:33.971 DEBUG [http-nio-3333-exec-4/app/anonymous] com.haulmont.cuba.web.App - Closing all windows in all UIs
2024-04-10 08:19:34.010 INFO  [ClientCacheManager-pool-2-thread-1/app-core/server] com.haulmont.cuba.security.app.role.PredefinedRoleDefinitionRepository - Initializing predefined role definitions
2024-04-10 08:19:34.052 INFO  [ClientCacheManager-pool-2-thread-1/app-core/server] com.haulmont.cuba.security.auth.AuthenticationManagerBean - Logged in: 39788585-3f56-1164-e1eb-30521c1b3793 [admin]
2024-04-10 08:19:35.659 INFO  [http-nio-3333-exec-8/app-core/server] com.haulmont.cuba.security.auth.AuthenticationManagerBean - Logged in: ef676b17-9695-8ff6-c5fe-f5275477aabc [admin]
2024-04-10 08:19:35.665 DEBUG [http-nio-3333-exec-8/app/admin] com.haulmont.cuba.web.DefaultApp - connectionStateChanged connected: true, authenticated: true
2024-04-10 08:19:35.665 DEBUG [http-nio-3333-exec-8/app/admin] com.haulmont.cuba.web.App - Closing all windows in all UIs
2024-04-10 08:19:35.670 DEBUG [http-nio-3333-exec-8] com.haulmont.cuba.web.DefaultApp - Session reinitialized: HttpSession=org.apache.catalina.session.StandardSessionFacade@50618bcf, timeout=1800sec, UserSession=ef676b17-9695-8ff6-c5fe-f5275477aabc [admin]
2024-04-10 08:19:35.894 INFO  [http-nio-3333-exec-8/app-core/admin] com.haulmont.cuba.core.sys.AbstractViewRepository - Initializing views
2024-04-10 08:19:35.909 DEBUG [http-nio-3333-exec-8/app-core/admin] com.haulmont.cuba.core.app.StoreFactory - No implementation is specified for _MAIN_ store, using RdbmsStore
2024-04-10 08:19:35.930 DEBUG [http-nio-3333-exec-8/app-core/admin] com.haulmont.cuba.core.app.RdbmsStore - loadList: metaClass=sec$UserSubstitution, view=com.haulmont.cuba.security.entity.UserSubstitution/app, query=Query{queryString='select us from sec$UserSubstitution us where us.user.id = :userId and (us.endDate is null or us.endDate >= :currentDate) and (us.startDate is null or us.startDate <= :currentDate) and (us.substitutedUser.active = true or us.substitutedUser.active is null) order by us.substitutedUser.name', condition=null, sort=null, firstResult=0, maxResults=0}
2024-04-10 08:19:44.456 INFO  [http-nio-3333-exec-14/app/admin] com.haulmont.cuba.core.sys.AbstractViewRepository - Initializing views
2024-04-10 08:19:44.492 INFO  [http-nio-3333-exec-14/app-core/admin] com.haulmont.cuba.core.app.PersistenceManager - Loading statistics cache
2024-04-10 08:19:44.703 DEBUG [http-nio-3333-exec-14/app-core/admin] com.haulmont.cuba.core.app.RdbmsStore - loadList: metaClass=sec$Filter, view=com.haulmont.cuba.security.entity.FilterEntity/app, query=Query{queryString='select f from sec$Filter f left join f.user u where f.componentId = :component and (u.id = :userId or u is null) order by f.name', condition=null, sort=null, firstResult=0, maxResults=0}
2024-04-10 08:19:44.803 DEBUG [http-nio-3333-exec-14/app-core/admin] com.haulmont.cuba.core.app.RdbmsStore - loadList: metaClass=sec$Presentation, view=com.haulmont.cuba.security.entity.Presentation/app, query=Query{queryString='select p from sec$Presentation p where p.componentId = :component and (p.user is null or p.user.id = :userId)', condition=null, sort=null, firstResult=0, maxResults=0}
2024-04-10 08:19:45.253 DEBUG [http-nio-3333-exec-14/app-core/admin] com.haulmont.cuba.core.app.RdbmsStore - loadList: metaClass=sec$User, view=com.haulmont.cuba.security.entity.User/user.browse, query=Query{queryString=' select u from sec$User u ', condition=null, sort=null, firstResult=0, maxResults=50}, max=50
2024-04-10 08:19:48.908 DEBUG [http-nio-3333-exec-10/app-core/admin] com.haulmont.cuba.core.app.RdbmsStore - loadList: metaClass=sec$Filter, view=com.haulmont.cuba.security.entity.FilterEntity/app, query=Query{queryString='select f from sec$Filter f left join f.user u where f.componentId = :component and (u.id = :userId or u is null) order by f.name', condition=null, sort=null, firstResult=0, maxResults=0}
2024-04-10 08:19:48.921 DEBUG [http-nio-3333-exec-10/app-core/admin] com.haulmont.cuba.core.app.RdbmsStore - loadList: metaClass=sec$Presentation, view=com.haulmont.cuba.security.entity.Presentation/app, query=Query{queryString='select p from sec$Presentation p where p.componentId = :component and (p.user is null or p.user.id = :userId)', condition=null, sort=null, firstResult=0, maxResults=0}
2024-04-10 08:19:48.947 DEBUG [http-nio-3333-exec-10/app-core/admin] com.haulmont.cuba.security.app.EntityLog - Loading entities
2024-04-10 08:19:48.955 DEBUG [http-nio-3333-exec-10/app-core/admin] com.haulmont.cuba.security.app.EntityLog - Loaded: entitiesAuto=0, entitiesManual=0
2024-04-10 08:19:48.988 DEBUG [http-nio-3333-exec-10/app-core/admin] com.haulmont.cuba.core.app.RdbmsStore - loadList: metaClass=sec$User, view=com.haulmont.cuba.security.entity.User/user.browse, query=Query{queryString=' select u from sec$User u ', condition=null, sort=null, firstResult=0, maxResults=50}, max=50
2024-04-10 08:19:49.750 DEBUG [http-nio-3333-exec-6/app-core/admin] com.haulmont.cuba.core.app.RdbmsStore - loadList: metaClass=sec$Group, view=com.haulmont.cuba.security.entity.Group/group.browse, query=Query{queryString='select g from sec$Group g order by g.name', condition=null, sort=null, firstResult=0, maxResults=0}
2024-04-10 08:19:49.789 DEBUG [http-nio-3333-exec-6/app-core/admin] com.haulmont.cuba.core.app.RdbmsStore - loadList: metaClass=sec$User, view=com.haulmont.cuba.security.entity.User/group.browse, query=Query{queryString='select u from sec$User u left join u.group g where (g.id = :ds_groupsDs_id or u.groupNames is not null and u.groupNames = :ds_groupsDs_name)', condition=null, sort=null, firstResult=0, maxResults=50}, max=50
2024-04-10 08:19:49.813 DEBUG [http-nio-3333-exec-6/app-core/admin] com.haulmont.cuba.core.app.RdbmsStore - loadList: metaClass=sec$Constraint, view=com.haulmont.cuba.security.entity.Constraint/group.browse, query=Query{queryString='select c from sec$Constraint c where c.group.id = :groupId', condition=null, sort=null, firstResult=0, maxResults=0}
2024-04-10 08:19:49.820 DEBUG [http-nio-3333-exec-6/app-core/admin] com.haulmont.cuba.core.app.RdbmsStore - loadList: metaClass=sec$SessionAttribute, view=com.haulmont.cuba.security.entity.SessionAttribute/_local, query=Query{queryString='select a from sec$SessionAttribute a where a.group.id = :groupId', condition=null, sort=null, firstResult=0, maxResults=0}
2024-04-10 08:19:49.849 DEBUG [http-nio-3333-exec-6/app-core/admin] com.haulmont.cuba.core.app.RdbmsStore - loadList: metaClass=sec$Filter, view=com.haulmont.cuba.security.entity.FilterEntity/app, query=Query{queryString='select f from sec$Filter f left join f.user u where f.componentId = :component and (u.id = :userId or u is null) order by f.name', condition=null, sort=null, firstResult=0, maxResults=0}
2024-04-10 08:19:50.103 DEBUG [http-nio-3333-exec-15/app-core/admin] com.haulmont.cuba.core.app.RdbmsStore - loadList: metaClass=sec$Group, view=com.haulmont.cuba.security.entity.Group/group.browse, query=Query{queryString='select g from sec$Group g order by g.name', condition=null, sort=null, firstResult=0, maxResults=0}
2024-04-10 08:19:50.114 DEBUG [http-nio-3333-exec-15/app-core/admin] com.haulmont.cuba.core.app.RdbmsStore - loadList: metaClass=sec$User, view=com.haulmont.cuba.security.entity.User/group.browse, query=Query{queryString='select u from sec$User u left join u.group g where (g.id = :ds_groupsDs_id or u.groupNames is not null and u.groupNames = :ds_groupsDs_name)', condition=null, sort=null, firstResult=0, maxResults=50}, max=50
2024-04-10 08:19:50.126 DEBUG [http-nio-3333-exec-15/app-core/admin] com.haulmont.cuba.core.app.RdbmsStore - loadList: metaClass=sec$Constraint, view=com.haulmont.cuba.security.entity.Constraint/group.browse, query=Query{queryString='select c from sec$Constraint c where c.group.id = :groupId', condition=null, sort=null, firstResult=0, maxResults=0}
2024-04-10 08:19:50.133 DEBUG [http-nio-3333-exec-15/app-core/admin] com.haulmont.cuba.core.app.RdbmsStore - loadList: metaClass=sec$SessionAttribute, view=com.haulmont.cuba.security.entity.SessionAttribute/_local, query=Query{queryString='select a from sec$SessionAttribute a where a.group.id = :groupId', condition=null, sort=null, firstResult=0, maxResults=0}
2024-04-10 08:19:50.142 DEBUG [http-nio-3333-exec-15/app-core/admin] com.haulmont.cuba.core.app.RdbmsStore - loadList: metaClass=sec$Filter, view=com.haulmont.cuba.security.entity.FilterEntity/app, query=Query{queryString='select f from sec$Filter f left join f.user u where f.componentId = :component and (u.id = :userId or u is null) order by f.name', condition=null, sort=null, firstResult=0, maxResults=0}
2024-04-10 08:19:50.926 DEBUG [http-nio-3333-exec-1/app-core/admin] com.haulmont.cuba.core.app.RdbmsStore - loadList: metaClass=sec$Role, view=null, query=Query{queryString='select r from sec$Role r order by r.name', condition=null, sort=null, firstResult=0, maxResults=0}
2024-04-10 08:19:51.977 DEBUG [http-nio-3333-exec-8/app-core/admin] com.haulmont.cuba.core.app.RdbmsStore - loadList: metaClass=sec$Filter, view=com.haulmont.cuba.security.entity.FilterEntity/app, query=Query{queryString='select f from sec$Filter f left join f.user u where f.componentId = :component and (u.id = :userId or u is null) order by f.name', condition=null, sort=null, firstResult=0, maxResults=0}
2024-04-10 08:19:51.993 DEBUG [http-nio-3333-exec-8/app-core/admin] com.haulmont.cuba.core.app.RdbmsStore - loadList: metaClass=sys$Category, view=com.haulmont.cuba.core.entity.Category/_local, query=Query{queryString=' select c from sys$Category c where c.special is null order by c.createTs ', condition=null, sort=null, firstResult=0, maxResults=50}, max=50
2024-04-10 08:19:53.201 DEBUG [http-nio-3333-exec-2/app-core/admin] com.haulmont.cuba.core.app.RdbmsStore - loadList: metaClass=sys$LockDescriptor, view=com.haulmont.cuba.core.entity.LockDescriptor/_local, query=Query{queryString=' select d from sys$LockDescriptor d order by d.name ', condition=null, sort=null, firstResult=0, maxResults=10000}, max=10000
2024-04-10 08:19:53.919 DEBUG [http-nio-3333-exec-11/app-core/admin] com.haulmont.cuba.core.app.RdbmsStore - loadList: metaClass=sec$Filter, view=com.haulmont.cuba.security.entity.FilterEntity/app, query=Query{queryString='select f from sec$Filter f left join f.user u where f.componentId = :component and (u.id = :userId or u is null) order by f.name', condition=null, sort=null, firstResult=0, maxResults=0}
2024-04-10 08:19:53.933 DEBUG [http-nio-3333-exec-11/app-core/admin] com.haulmont.cuba.core.app.RdbmsStore - loadList: metaClass=sys$FileDescriptor, view=com.haulmont.cuba.core.entity.FileDescriptor/browse, query=Query{queryString=' select f from sys$FileDescriptor f order by f.createDate ', condition=null, sort=null, firstResult=0, maxResults=50}, max=50
2024-04-10 08:19:55.044 DEBUG [http-nio-3333-exec-7/app-core/admin] com.haulmont.cuba.core.app.RdbmsStore - loadList: metaClass=sys$LockDescriptor, view=com.haulmont.cuba.core.entity.LockDescriptor/_local, query=Query{queryString=' select d from sys$LockDescriptor d order by d.name ', condition=null, sort=null, firstResult=0, maxResults=10000}, max=10000
2024-04-10 08:19:56.765 DEBUG [http-nio-3333-exec-1/app-core/admin] com.haulmont.cuba.core.app.RdbmsStore - loadList: metaClass=sec$Filter, view=com.haulmont.cuba.security.entity.FilterEntity/app, query=Query{queryString='select f from sec$Filter f left join f.user u where f.componentId = :component and (u.id = :userId or u is null) order by f.name', condition=null, sort=null, firstResult=0, maxResults=0}
2024-04-10 08:19:56.780 DEBUG [http-nio-3333-exec-1/app-core/admin] com.haulmont.cuba.core.app.RdbmsStore - loadList: metaClass=sec$SessionLogEntry, view=com.haulmont.cuba.security.entity.SessionLogEntry/sessionLogEntry-view, query=Query{queryString=' select e from sec$SessionLogEntry e order by e.startedTs desc ', condition=null, sort=null, firstResult=0, maxResults=50}, max=50
2024-04-10 08:19:57.685 DEBUG [http-nio-3333-exec-14/app-core/admin] com.haulmont.cuba.core.app.RdbmsStore - loadList: metaClass=sec$Filter, view=com.haulmont.cuba.security.entity.FilterEntity/app, query=Query{queryString='select f from sec$Filter f left join f.user u where f.componentId = :component and (u.id = :userId or u is null) order by f.name', condition=null, sort=null, firstResult=0, maxResults=0}
2024-04-10 08:19:57.703 DEBUG [http-nio-3333-exec-14/app-core/admin] com.haulmont.cuba.core.app.RdbmsStore - loadList: metaClass=sys$SendingMessage, view=com.haulmont.cuba.core.entity.SendingMessage/sendingMessage.browse, query=Query{queryString=' select sm from sys$SendingMessage sm ', condition=null, sort=null, firstResult=0, maxResults=50}, max=50
2024-04-10 08:19:58.186 DEBUG [http-nio-3333-exec-4/app-core/admin] com.haulmont.cuba.core.app.RdbmsStore - loadList: metaClass=sys$JmxInstance, view=com.haulmont.cuba.core.entity.JmxInstance/_local, query=Query{queryString='select jmx from sys$JmxInstance jmx', condition=null, sort=null, firstResult=0, maxResults=0}
2024-04-10 08:19:58.888 DEBUG [http-nio-3333-exec-10/app-core/admin] com.haulmont.cuba.core.app.RdbmsStore - loadList: metaClass=sec$User, view=com.haulmont.cuba.security.entity.User/_minimal, query=Query{queryString='select u from sec$User u order by u.name', condition=null, sort=null, firstResult=0, maxResults=10000}, max=10000
2024-04-10 08:20:05.821 DEBUG [http-nio-3333-exec-8/app-core/admin] com.haulmont.cuba.core.app.RdbmsStore - loadList: metaClass=sec$Filter, view=com.haulmont.cuba.security.entity.FilterEntity/app, query=Query{queryString='select f from sec$Filter f left join f.user u where f.componentId = :component and (u.id = :userId or u is null) order by f.name', condition=null, sort=null, firstResult=0, maxResults=0}
2024-04-10 08:20:05.829 DEBUG [http-nio-3333-exec-8/app-core/admin] com.haulmont.cuba.core.app.RdbmsStore - loadList: metaClass=sec$Presentation, view=com.haulmont.cuba.security.entity.Presentation/app, query=Query{queryString='select p from sec$Presentation p where p.componentId = :component and (p.user is null or p.user.id = :userId)', condition=null, sort=null, firstResult=0, maxResults=0}
2024-04-10 08:20:05.852 DEBUG [http-nio-3333-exec-8/app-core/admin] com.haulmont.cuba.core.app.RdbmsStore - loadList: metaClass=sec$User, view=com.haulmont.cuba.security.entity.User/user.browse, query=Query{queryString=' select u from sec$User u ', condition=null, sort=null, firstResult=0, maxResults=50}, max=50
2024-04-10 08:26:07.790 DEBUG [cuba_core_scheduler-9] com.haulmont.cuba.core.app.queryresults.QueryResultsManager - Delete query results for inactive user sessions
2024-04-10 08:29:34.267 DEBUG [http-nio-3333-exec-8/app/admin] com.haulmont.cuba.web.App - Ping middleware session
2024-04-10 08:36:07.783 DEBUG [cuba_core_scheduler-4] com.haulmont.cuba.core.app.queryresults.QueryResultsManager - Delete query results for inactive user sessions
