2024-04-09 23:36:04.921 INFO  [main] com.haulmont.cuba.core.sys.AbstractWebAppContextLoader - Initializing 'web' block, servlet context path: /app
2024-04-09 23:36:05.016 INFO  [main] com.haulmont.cuba.core.sys.AppComponents - Using app components: [com.haulmont.cuba]
2024-04-09 23:36:05.207 INFO  [main] com.haulmont.cuba.core.sys.AbstractWebAppContextLoader - Loading app properties from classpath:com/company/library/web-app.properties
2024-04-09 23:36:05.211 INFO  [main] com.haulmont.cuba.core.sys.AbstractWebAppContextLoader - Loading app properties from file:C:\Users\QoidynBasy\Downloads\library\deploy\tomcat/../app_home/local.app.properties
2024-04-09 23:36:05.218 INFO  [main] com.haulmont.cuba.core.sys.AbstractWebAppContextLoader - cuba.webContextName: app
2024-04-09 23:36:05.356 INFO  [main] com.haulmont.cuba.core.sys.environmentcheck.EnvironmentChecksRunner - Environment checks on web module completed successfully
2024-04-09 23:36:07.512 INFO  [main] com.haulmont.cuba.core.sys.remoting.discovery.StaticServerSelector - Server URLs: [http://localhost:3333/app-core/remoting]
2024-04-09 23:36:07.530 INFO  [main] com.haulmont.cuba.web.sys.remoting.WebRemoteProxyBeanCreator - Configuring proxy beans for local service invocations: [cuba_AuthenticationService, cuba_TrustedClientService, cuba_ServerInfoService, cuba_UserSettingService, cuba_UserManagementService, cuba_DataService, cuba_ConfigStorageService, cuba_PersistenceManagerService, cuba_LockService, cuba_UserSessionService, cuba_FoldersService, cuba_EmailService, cuba_FileStorageService, cuba_EntitySnapshotService, cuba_UniqueNumbersService, cuba_LocalizedMessageService, cuba_ResourceService, cuba_ScheduledTasksService, cuba_EntityLogService, cuba_TestingService, cuba_DomainDescriptionService, cuba_RelatedEntitiesService, cuba_EntitySqlGenerationService, cuba_NumberIdService, cuba_QueryResultsService, cuba_DynamicAttributesCacheService, cuba_EntityRestoreService, cuba_LocalFileExchangeService, cuba_EntityImportExportService, cuba_ConstraintLocalizationService, cuba_AttributeAccessService, cuba_ExceptionReportService, cuba_BulkEditorDataService, cuba_PersistenceSecurityService, cuba_AccessGroupsService, cuba_AttributeOptionsLoaderService, cuba_RolesService, cuba_SecurityScopesService, cuba_ScreenProfilerService]
2024-04-09 23:36:08.124 DEBUG [main] org.jboss.logging - Logging Provider: org.jboss.logging.Slf4jLoggerProvider
2024-04-09 23:36:09.706 INFO  [main] com.haulmont.cuba.core.sys.jmx.MBeanExporter - Registering beans for JMX exposure: [app.cuba:type=ConfigStorage, app.cuba:type=CachingFacade, app.cuba:type=FileUploading, app.cuba:type=JmxNodeIdentifier, app.cuba:type=JmxLogControl, app.cuba:type=ClassLoaderManager, app.cuba:type=StatisticsCounter]
2024-04-09 23:36:09.845 DEBUG [main] com.haulmont.cuba.gui.components.impl.ActionsImpl - Actions initialized in 41 ms
2024-04-09 23:36:09.849 INFO  [main] com.haulmont.cuba.core.sys.MetadataImpl - Initializing metadata
2024-04-09 23:36:10.130 INFO  [main] com.haulmont.cuba.core.sys.MetadataImpl - Metadata initialized in 281 ms
2024-04-09 23:36:10.155 INFO  [main] com.haulmont.cuba.core.sys.AbstractWebAppContextLoader - AppContext started
2024-04-09 23:36:10.397 INFO  [main] com.haulmont.cuba.web.sys.CubaDispatcherServlet - Initializing Servlet 'dispatcher'
2024-04-09 23:36:10.657 DEBUG [main] _org.springframework.web.servlet.HandlerMapping.Mappings - 
	c.h.c.w.c.LogDownloadController:
	{GET [/log/{file:[a-zA-Z0-9\.\-_]+}]}: getLogFile(HttpServletResponse,String,Boolean,String)
2024-04-09 23:36:10.659 DEBUG [main] _org.springframework.web.servlet.HandlerMapping.Mappings - 
	c.h.c.w.c.HealthCheckController:
	{GET [/health]}: healthCheck(HttpServletRequest,HttpServletResponse)
2024-04-09 23:36:10.661 DEBUG [main] _org.springframework.web.servlet.HandlerMapping.Mappings - 
	c.h.c.w.c.FileDownloadController:
	{GET [/download]}: download(HttpServletRequest,HttpServletResponse)
2024-04-09 23:36:10.927 DEBUG [main] _org.springframework.web.servlet.HandlerMapping.Mappings - 'org.springframework.web.servlet.handler.BeanNameUrlHandlerMapping' {}
2024-04-09 23:36:10.949 INFO  [main] com.haulmont.cuba.web.sys.CubaDispatcherServlet - Completed initialization in 552 ms
2024-04-09 23:36:11.096 INFO  [main] com.haulmont.cuba.core.sys.AbstractWebAppContextLoader - Initializing 'core' block, servlet context path: /app-core
2024-04-09 23:36:11.107 INFO  [main] com.haulmont.cuba.core.sys.AppComponents - Using app components: [com.haulmont.cuba]
2024-04-09 23:36:11.122 INFO  [main] com.haulmont.cuba.core.sys.AbstractWebAppContextLoader - Loading app properties from classpath:com/company/library/app.properties
2024-04-09 23:36:11.123 INFO  [main] com.haulmont.cuba.core.sys.AbstractWebAppContextLoader - Loading app properties from file:C:\Users\QoidynBasy\Downloads\library\deploy\tomcat/../app_home/local.app.properties
2024-04-09 23:36:11.125 INFO  [main] com.haulmont.cuba.core.sys.AbstractWebAppContextLoader - cuba.webContextName: app-core
2024-04-09 23:36:11.134 INFO  [main] com.haulmont.cuba.core.sys.AppContextLoader - DbmsType of the main database is set to postgres
2024-04-09 23:36:11.153 INFO  [main] com.haulmont.cuba.core.sys.environmentcheck.DataStoresCheck - Checking connection to data store Main
2024-04-09 23:36:11.342 INFO  [main] com.haulmont.cuba.core.sys.environmentcheck.EnvironmentChecksRunner - Environment checks on core module completed successfully
2024-04-09 23:36:11.442 INFO  [main] com.haulmont.cuba.core.sys.persistence.PersistenceConfigProcessor - Creating file C:\Users\QoidynBasy\Downloads\library\deploy\app_home\app-core\work\persistence.xml
2024-04-09 23:36:13.059 INFO  [main] com.zaxxer.hikari.HikariDataSource - Connection Pool-Main - Starting...
2024-04-09 23:36:13.125 INFO  [main] com.zaxxer.hikari.HikariDataSource - Connection Pool-Main - Start completed.
2024-04-09 23:36:15.504 INFO  [main] com.haulmont.cuba.core.sys.jmx.MBeanExporter - Registering beans for JMX exposure: [app-core.cuba:type=PersistenceManager, app-core.cuba:type=ConfigStorage, app-core.cuba:type=UserSessions, app-core.cuba:type=UniqueNumbers, app-core.cuba:type=Emailer, app-core.cuba:type=EntityLog, app-core.cuba:type=FileStorage, app-core.cuba:type=LockManager, app-core.cuba:type=CachingFacade, app-core.cuba:type=ClusterManager, app-core.cuba:type=ScriptingManager, app-core.cuba:type=ServerInfo, app-core.cuba:type=Scheduling, app-core.cuba:type=PasswordEncryptionSupport, app-core.cuba:type=JmxNodeIdentifier, app-core.cuba:type=JmxLogControl, app-core.cuba:type=ClassLoaderManager, app-core.cuba:type=StatisticsCounter, app-core.cuba:type=BruteForceProtection, app-core.cuba:type=QueryCacheSupport]
2024-04-09 23:36:15.713 INFO  [main] com.haulmont.cuba.core.sys.MetadataImpl - Initializing metadata
2024-04-09 23:36:15.853 INFO  [main] com.haulmont.cuba.core.sys.MetadataImpl - Metadata initialized in 139 ms
2024-04-09 23:36:16.338 DEBUG [main] com.haulmont.cuba.security.auth.AnonymousSessionHolder - Initialize anonymous sessions
2024-04-09 23:36:16.785 INFO  [main/app-core/server] com.haulmont.cuba.core.app.ConfigStorage - Loading DB-stored app properties cache
2024-04-09 23:36:17.265 INFO  [main/app-core/server] com.haulmont.cuba.security.auth.AuthenticationManagerBean - Logged in: fc5c0877-1e6f-f1c9-b44c-216c0d3f1a94 [anonymous]
2024-04-09 23:36:17.265 DEBUG [main] com.haulmont.cuba.security.auth.AnonymousSessionHolder - Anonymous session for scope GENERIC_UI initialized with id fc5c0877-1e6f-f1c9-b44c-216c0d3f1a94
2024-04-09 23:36:17.266 INFO  [main] com.haulmont.cuba.core.sys.AbstractWebAppContextLoader - AppContext started
2024-04-09 23:36:17.269 INFO  [main] com.haulmont.cuba.core.sys.remoting.RemotingServlet - Initializing Servlet 'remoting'
2024-04-09 23:36:17.304 INFO  [main] com.haulmont.cuba.core.sys.remoting.RemoteServicesBeanCreator - Configuring remote services
2024-04-09 23:36:17.369 DEBUG [cuba_core_scheduler-5] com.haulmont.cuba.core.app.queryresults.QueryResultsManager - Delete query results for inactive user sessions
2024-04-09 23:36:17.383 DEBUG [main] _org.springframework.web.servlet.HandlerMapping.Mappings - 'org.springframework.web.servlet.handler.BeanNameUrlHandlerMapping' {/cuba_AuthenticationService=com.haulmont.cuba.core.sys.remoting.HttpServiceExporter@798673ea, /cuba_TrustedClientService=com.haulmont.cuba.core.sys.remoting.HttpServiceExporter@414331e4, /cuba_ServerInfoService=com.haulmont.cuba.core.sys.remoting.HttpServiceExporter@19f634ac, /cuba_LocalizedMessageService=com.haulmont.cuba.core.sys.remoting.HttpServiceExporter@6df51259, /cuba_AccessGroupsService=com.haulmont.cuba.core.sys.remoting.HttpServiceExporter@3e709353, /cuba_RolesService=com.haulmont.cuba.core.sys.remoting.HttpServiceExporter@40c0c9fb, /cuba_UserSettingService=com.haulmont.cuba.core.sys.remoting.HttpServiceExporter@30625f51, /cuba_UserSessionService=com.haulmont.cuba.core.sys.remoting.HttpServiceExporter@60f9d3e1, /cuba_SecurityScopesService=com.haulmont.cuba.core.sys.remoting.HttpServiceExporter@5d948005, /cuba_UserManagementService=com.haulmont.cuba.core.sys.remoting.HttpServiceExporter@5706f658, /cuba_PersistenceSecurityService=com.haulmont.cuba.core.sys.remoting.HttpServiceExporter@2c28e269, /cuba_ResourceService=com.haulmont.cuba.core.sys.remoting.HttpServiceExporter@39c9272, /cuba_ScreenProfilerService=com.haulmont.cuba.core.sys.remoting.HttpServiceExporter@37eacfbc, /cuba_ScheduledTasksService=com.haulmont.cuba.core.sys.remoting.HttpServiceExporter@7f7de2d4, /cuba_RelatedEntitiesService=com.haulmont.cuba.core.sys.remoting.HttpServiceExporter@1090cb79, /cuba_EntityRestoreService=com.haulmont.cuba.core.sys.remoting.HttpServiceExporter@52f106e7, /cuba_QueryResultsService=com.haulmont.cuba.core.sys.remoting.HttpServiceExporter@5569ea9e, /cuba_ExceptionReportService=com.haulmont.cuba.core.sys.remoting.HttpServiceExporter@29174934, /cuba_PersistenceManagerService=com.haulmont.cuba.core.sys.remoting.HttpServiceExporter@e6d4002, /cuba_NumberIdService=com.haulmont.cuba.core.sys.remoting.HttpServiceExporter@33795ac7, /cuba_EntitySqlGenerationService=com.haulmont.cuba.core.sys.remoting.HttpServiceExporter@10d59073, /cuba_FoldersService=com.haulmont.cuba.core.sys.remoting.HttpServiceExporter@6e78383c, /cuba_LockService=com.haulmont.cuba.core.sys.remoting.HttpServiceExporter@43424634, /cuba_DataService=com.haulmont.cuba.core.sys.remoting.HttpServiceExporter@ca129b5, /cuba_AttributeAccessService=com.haulmont.cuba.core.sys.remoting.HttpServiceExporter@622969ff, /cuba_ConstraintLocalizationService=com.haulmont.cuba.core.sys.remoting.HttpServiceExporter@7e0fb5b1, /cuba_EntitySnapshotService=com.haulmont.cuba.core.sys.remoting.HttpServiceExporter@3b758c0f, /cuba_TestingTransactionsService=com.haulmont.cuba.core.sys.remoting.HttpServiceExporter@7540dc57, /cuba_DomainDescriptionService=com.haulmont.cuba.core.sys.remoting.HttpServiceExporter@23701ff5, /cuba_EntityImportExportService=com.haulmont.cuba.core.sys.remoting.HttpServiceExporter@2c542a2a, /cuba_BulkEditorDataService=com.haulmont.cuba.core.sys.remoting.HttpServiceExporter@2c6d4872, /cuba_TestingService=com.haulmont.cuba.core.sys.remoting.HttpServiceExporter@512f2c7d, /cuba_FileStorageService=com.haulmont.cuba.core.sys.remoting.HttpServiceExporter@138c2437, /cuba_EntityLogService=com.haulmont.cuba.core.sys.remoting.HttpServiceExporter@5d6c5267, /cuba_EmailService=com.haulmont.cuba.core.sys.remoting.HttpServiceExporter@5ce59857, /cuba_ConfigStorageService=com.haulmont.cuba.core.sys.remoting.HttpServiceExporter@50bd8cfa, /cuba_DynamicAttributesCacheService=com.haulmont.cuba.core.sys.remoting.HttpServiceExporter@5bca3ba6, /cuba_AttributeOptionsLoaderService=com.haulmont.cuba.core.sys.remoting.HttpServiceExporter@607624b7, /cuba_UniqueNumbersService=com.haulmont.cuba.core.sys.remoting.HttpServiceExporter@28f95943, /cuba_LocalFileExchangeService=com.haulmont.cuba.core.sys.remoting.HttpServiceExporter@20fe60ea}
2024-04-09 23:36:17.385 DEBUG [main] _org.springframework.web.servlet.HandlerMapping.Mappings - 
	c.h.c.c.c.LogDownloadController:
	{GET [/log/{file:[a-zA-Z0-9\.\-_]+}]}: getLogFile(HttpServletResponse,String,Boolean,String)
2024-04-09 23:36:17.385 DEBUG [main] _org.springframework.web.servlet.HandlerMapping.Mappings - 
	c.h.c.c.c.FileUploadController:
	{POST [/upload]}: upload(HttpServletRequest,HttpServletResponse)
2024-04-09 23:36:17.385 DEBUG [main] _org.springframework.web.servlet.HandlerMapping.Mappings - 
	c.h.c.c.c.HealthCheckController:
	{GET [/health]}: healthCheck(HttpServletRequest,HttpServletResponse)
2024-04-09 23:36:17.385 DEBUG [main] _org.springframework.web.servlet.HandlerMapping.Mappings - 
	c.h.c.c.c.FileDownloadController:
	{GET [/download]}: download(HttpServletRequest,HttpServletResponse)
2024-04-09 23:36:17.409 DEBUG [main] _org.springframework.web.servlet.HandlerMapping.Mappings - 'org.springframework.web.servlet.handler.BeanNameUrlHandlerMapping' {/cuba_AuthenticationService=com.haulmont.cuba.core.sys.remoting.HttpServiceExporter@798673ea, /cuba_TrustedClientService=com.haulmont.cuba.core.sys.remoting.HttpServiceExporter@414331e4, /cuba_ServerInfoService=com.haulmont.cuba.core.sys.remoting.HttpServiceExporter@19f634ac, /cuba_LocalizedMessageService=com.haulmont.cuba.core.sys.remoting.HttpServiceExporter@6df51259, /cuba_AccessGroupsService=com.haulmont.cuba.core.sys.remoting.HttpServiceExporter@3e709353, /cuba_RolesService=com.haulmont.cuba.core.sys.remoting.HttpServiceExporter@40c0c9fb, /cuba_UserSettingService=com.haulmont.cuba.core.sys.remoting.HttpServiceExporter@30625f51, /cuba_UserSessionService=com.haulmont.cuba.core.sys.remoting.HttpServiceExporter@60f9d3e1, /cuba_SecurityScopesService=com.haulmont.cuba.core.sys.remoting.HttpServiceExporter@5d948005, /cuba_UserManagementService=com.haulmont.cuba.core.sys.remoting.HttpServiceExporter@5706f658, /cuba_PersistenceSecurityService=com.haulmont.cuba.core.sys.remoting.HttpServiceExporter@2c28e269, /cuba_ResourceService=com.haulmont.cuba.core.sys.remoting.HttpServiceExporter@39c9272, /cuba_ScreenProfilerService=com.haulmont.cuba.core.sys.remoting.HttpServiceExporter@37eacfbc, /cuba_ScheduledTasksService=com.haulmont.cuba.core.sys.remoting.HttpServiceExporter@7f7de2d4, /cuba_RelatedEntitiesService=com.haulmont.cuba.core.sys.remoting.HttpServiceExporter@1090cb79, /cuba_EntityRestoreService=com.haulmont.cuba.core.sys.remoting.HttpServiceExporter@52f106e7, /cuba_QueryResultsService=com.haulmont.cuba.core.sys.remoting.HttpServiceExporter@5569ea9e, /cuba_ExceptionReportService=com.haulmont.cuba.core.sys.remoting.HttpServiceExporter@29174934, /cuba_PersistenceManagerService=com.haulmont.cuba.core.sys.remoting.HttpServiceExporter@e6d4002, /cuba_NumberIdService=com.haulmont.cuba.core.sys.remoting.HttpServiceExporter@33795ac7, /cuba_EntitySqlGenerationService=com.haulmont.cuba.core.sys.remoting.HttpServiceExporter@10d59073, /cuba_FoldersService=com.haulmont.cuba.core.sys.remoting.HttpServiceExporter@6e78383c, /cuba_LockService=com.haulmont.cuba.core.sys.remoting.HttpServiceExporter@43424634, /cuba_DataService=com.haulmont.cuba.core.sys.remoting.HttpServiceExporter@ca129b5, /cuba_AttributeAccessService=com.haulmont.cuba.core.sys.remoting.HttpServiceExporter@622969ff, /cuba_ConstraintLocalizationService=com.haulmont.cuba.core.sys.remoting.HttpServiceExporter@7e0fb5b1, /cuba_EntitySnapshotService=com.haulmont.cuba.core.sys.remoting.HttpServiceExporter@3b758c0f, /cuba_TestingTransactionsService=com.haulmont.cuba.core.sys.remoting.HttpServiceExporter@7540dc57, /cuba_DomainDescriptionService=com.haulmont.cuba.core.sys.remoting.HttpServiceExporter@23701ff5, /cuba_EntityImportExportService=com.haulmont.cuba.core.sys.remoting.HttpServiceExporter@2c542a2a, /cuba_BulkEditorDataService=com.haulmont.cuba.core.sys.remoting.HttpServiceExporter@2c6d4872, /cuba_TestingService=com.haulmont.cuba.core.sys.remoting.HttpServiceExporter@512f2c7d, /cuba_FileStorageService=com.haulmont.cuba.core.sys.remoting.HttpServiceExporter@138c2437, /cuba_EntityLogService=com.haulmont.cuba.core.sys.remoting.HttpServiceExporter@5d6c5267, /cuba_EmailService=com.haulmont.cuba.core.sys.remoting.HttpServiceExporter@5ce59857, /cuba_ConfigStorageService=com.haulmont.cuba.core.sys.remoting.HttpServiceExporter@50bd8cfa, /cuba_DynamicAttributesCacheService=com.haulmont.cuba.core.sys.remoting.HttpServiceExporter@5bca3ba6, /cuba_AttributeOptionsLoaderService=com.haulmont.cuba.core.sys.remoting.HttpServiceExporter@607624b7, /cuba_UniqueNumbersService=com.haulmont.cuba.core.sys.remoting.HttpServiceExporter@28f95943, /cuba_LocalFileExchangeService=com.haulmont.cuba.core.sys.remoting.HttpServiceExporter@20fe60ea}
2024-04-09 23:36:17.411 DEBUG [main] _org.springframework.web.servlet.HandlerMapping.Mappings - 
	c.h.c.c.c.LogDownloadController:
	{GET [/log/{file:[a-zA-Z0-9\.\-_]+}]}: getLogFile(HttpServletResponse,String,Boolean,String)
2024-04-09 23:36:17.412 DEBUG [main] _org.springframework.web.servlet.HandlerMapping.Mappings - 
	c.h.c.c.c.FileUploadController:
	{POST [/upload]}: upload(HttpServletRequest,HttpServletResponse)
2024-04-09 23:36:17.412 DEBUG [main] _org.springframework.web.servlet.HandlerMapping.Mappings - 
	c.h.c.c.c.HealthCheckController:
	{GET [/health]}: healthCheck(HttpServletRequest,HttpServletResponse)
2024-04-09 23:36:17.412 DEBUG [main] _org.springframework.web.servlet.HandlerMapping.Mappings - 
	c.h.c.c.c.FileDownloadController:
	{GET [/download]}: download(HttpServletRequest,HttpServletResponse)
2024-04-09 23:36:17.423 INFO  [main] com.haulmont.cuba.core.sys.remoting.RemotingServlet - Completed initialization in 154 ms
2024-04-09 23:36:17.424 WARN  [cuba_core_scheduler-4] com.haulmont.cuba.core.jmx.StatisticsCounter - Сonnection pool not found for statistics counting
2024-04-09 23:36:20.289 WARN  [http-nio-3333-exec-1] com.vaadin.server.DefaultDeploymentConfiguration - 
=================================================================
Vaadin is running in DEBUG MODE.
Add productionMode=true to web.xml to disable debug features.
To show debug window, add ?debug to your application URL.
=================================================================
2024-04-09 23:36:21.168 DEBUG [http-nio-3333-exec-15] com.haulmont.cuba.web.App - Initializing application
2024-04-09 23:36:21.176 DEBUG [http-nio-3333-exec-15] com.haulmont.cuba.gui.theme.ThemeConstantsRepository - Loading theme constants
2024-04-09 23:36:21.315 DEBUG [http-nio-3333-exec-15] com.haulmont.cuba.web.security.WebAnonymousSessionHolder - Loading anonymous session
2024-04-09 23:36:21.397 DEBUG [http-nio-3333-exec-15] com.haulmont.cuba.web.security.WebAnonymousSessionHolder - Anonymous session loaded with id fc5c0877-1e6f-f1c9-b44c-216c0d3f1a94
2024-04-09 23:36:21.405 DEBUG [http-nio-3333-exec-15/app/anonymous] com.haulmont.cuba.web.DefaultApp - connectionStateChanged connected: true, authenticated: false
2024-04-09 23:36:21.406 DEBUG [http-nio-3333-exec-15/app/anonymous] com.haulmont.cuba.web.App - Closing all windows in all UIs
2024-04-09 23:36:21.467 INFO  [http-nio-3333-exec-15/app/anonymous] com.haulmont.cuba.gui.config.WindowConfig - WindowConfig initialized in 49 ms
2024-04-09 23:46:15.724 DEBUG [cuba_core_scheduler-2] com.haulmont.cuba.core.app.queryresults.QueryResultsManager - Delete query results for inactive user sessions
2024-04-09 23:56:15.722 DEBUG [cuba_core_scheduler-1] com.haulmont.cuba.core.app.queryresults.QueryResultsManager - Delete query results for inactive user sessions
