Performance Statistics   2024-04-09 23:36:00 - 2024-04-09 23:37:00
Tag                                                  Avg(ms)         Min         Max     Std Dev       Count
LoadClass                                                0,5           0           1         0,5          15
Messages.searchClasspath                                 0,2           0           7         0,8         208
Messages.searchFiles                                     0,1           0          15         1,0         208
Metadata.replaceExtendedMetaClasses                      1,0           1           1         0,0           2
WebJARs                                                  6,0           6           6         0,0           1

Performance Statistics   2024-04-09 23:37:00 - 2024-04-09 23:38:00
Tag                                                  Avg(ms)         Min         Max     Std Dev       Count

Performance Statistics   2024-04-09 23:38:00 - 2024-04-09 23:39:00
Tag                                                  Avg(ms)         Min         Max     Std Dev       Count

Performance Statistics   2024-04-09 23:39:00 - 2024-04-09 23:40:00
Tag                                                  Avg(ms)         Min         Max     Std Dev       Count

Performance Statistics   2024-04-09 23:40:00 - 2024-04-09 23:41:00
Tag                                                  Avg(ms)         Min         Max     Std Dev       Count

Performance Statistics   2024-04-09 23:41:00 - 2024-04-09 23:42:00
Tag                                                  Avg(ms)         Min         Max     Std Dev       Count

Performance Statistics   2024-04-09 23:42:00 - 2024-04-09 23:43:00
Tag                                                  Avg(ms)         Min         Max     Std Dev       Count

Performance Statistics   2024-04-09 23:43:00 - 2024-04-09 23:44:00
Tag                                                  Avg(ms)         Min         Max     Std Dev       Count

Performance Statistics   2024-04-09 23:44:00 - 2024-04-09 23:45:00
Tag                                                  Avg(ms)         Min         Max     Std Dev       Count

Performance Statistics   2024-04-09 23:45:00 - 2024-04-09 23:46:00
Tag                                                  Avg(ms)         Min         Max     Std Dev       Count

Performance Statistics   2024-04-09 23:46:00 - 2024-04-09 23:47:00
Tag                                                  Avg(ms)         Min         Max     Std Dev       Count

Performance Statistics   2024-04-09 23:47:00 - 2024-04-09 23:48:00
Tag                                                  Avg(ms)         Min         Max     Std Dev       Count

Performance Statistics   2024-04-09 23:48:00 - 2024-04-09 23:49:00
Tag                                                  Avg(ms)         Min         Max     Std Dev       Count

Performance Statistics   2024-04-09 23:49:00 - 2024-04-09 23:50:00
Tag                                                  Avg(ms)         Min         Max     Std Dev       Count

Performance Statistics   2024-04-09 23:50:00 - 2024-04-09 23:51:00
Tag                                                  Avg(ms)         Min         Max     Std Dev       Count

Performance Statistics   2024-04-09 23:51:00 - 2024-04-09 23:52:00
Tag                                                  Avg(ms)         Min         Max     Std Dev       Count

Performance Statistics   2024-04-09 23:52:00 - 2024-04-09 23:53:00
Tag                                                  Avg(ms)         Min         Max     Std Dev       Count

Performance Statistics   2024-04-09 23:53:00 - 2024-04-09 23:54:00
Tag                                                  Avg(ms)         Min         Max     Std Dev       Count

Performance Statistics   2024-04-09 23:54:00 - 2024-04-09 23:55:00
Tag                                                  Avg(ms)         Min         Max     Std Dev       Count

Performance Statistics   2024-04-09 23:55:00 - 2024-04-09 23:56:00
Tag                                                  Avg(ms)         Min         Max     Std Dev       Count

Performance Statistics   2024-04-09 23:56:00 - 2024-04-09 23:57:00
Tag                                                  Avg(ms)         Min         Max     Std Dev       Count

Performance Statistics   2024-04-09 23:57:00 - 2024-04-09 23:58:00
Tag                                                  Avg(ms)         Min         Max     Std Dev       Count

Performance Statistics   2024-04-09 23:58:00 - 2024-04-09 23:59:00
Tag                                                  Avg(ms)         Min         Max     Std Dev       Count

