Performance Statistics   2024-04-09 23:36:00 - 2024-04-09 23:38:00
Tag                                                  Avg(ms)         Min         Max     Std Dev       Count
login#afterShow                                          0,0           0           0         0,0           1
login#beforeShow                                         4,0           4           4         0,0           1
login#create                                           133,0         133         133         0,0           1
login#init                                              18,0          18          18         0,0           1
login#inject                                            36,0          36          36         0,0           1
login#load                                             523,0         523         523         0,0           1
login#uiPermissions                                      2,0           2           2         0,0           1
login#xml                                               10,0          10          10         0,0           1

Performance Statistics   2024-04-09 23:38:00 - 2024-04-09 23:40:00
Tag                                                  Avg(ms)         Min         Max     Std Dev       Count

Performance Statistics   2024-04-09 23:40:00 - 2024-04-09 23:42:00
Tag                                                  Avg(ms)         Min         Max     Std Dev       Count

Performance Statistics   2024-04-09 23:42:00 - 2024-04-09 23:44:00
Tag                                                  Avg(ms)         Min         Max     Std Dev       Count

Performance Statistics   2024-04-09 23:44:00 - 2024-04-09 23:46:00
Tag                                                  Avg(ms)         Min         Max     Std Dev       Count

Performance Statistics   2024-04-09 23:46:00 - 2024-04-09 23:48:00
Tag                                                  Avg(ms)         Min         Max     Std Dev       Count

Performance Statistics   2024-04-09 23:48:00 - 2024-04-09 23:50:00
Tag                                                  Avg(ms)         Min         Max     Std Dev       Count

Performance Statistics   2024-04-09 23:50:00 - 2024-04-09 23:52:00
Tag                                                  Avg(ms)         Min         Max     Std Dev       Count

Performance Statistics   2024-04-09 23:52:00 - 2024-04-09 23:54:00
Tag                                                  Avg(ms)         Min         Max     Std Dev       Count

Performance Statistics   2024-04-09 23:54:00 - 2024-04-09 23:56:00
Tag                                                  Avg(ms)         Min         Max     Std Dev       Count

Performance Statistics   2024-04-09 23:56:00 - 2024-04-09 23:58:00
Tag                                                  Avg(ms)         Min         Max     Std Dev       Count

